The system is: Linux - 3.2.0-4-amd64 - x86_64
Compiling the C compiler identification source file "CMakeCCompilerId.c" succeeded.
Compiler: /usr/bin/gcc 
Build flags: 
Id flags: 

The output was:
0


Compilation of the C compiler identification source "CMakeCCompilerId.c" produced "a.out"

The C compiler identification is GNU, found in "/root/simgrid/simgrid/CMakeFiles/CompilerIdC/a.out"

Determining if the C compiler works passed with the following output:
Change Dir: /root/simgrid/simgrid/CMakeFiles/CMakeTmp

Run Build Command:/usr/bin/make "cmTryCompileExec165193871/fast"
/usr/bin/make -f CMakeFiles/cmTryCompileExec165193871.dir/build.make CMakeFiles/cmTryCompileExec165193871.dir/build
make[1]: Entering directory `/root/simgrid/simgrid-3.10-hypervisor/CMakeFiles/CMakeTmp'
/usr/bin/cmake -E cmake_progress_report /root/simgrid/simgrid/CMakeFiles/CMakeTmp/CMakeFiles 1
Building C object CMakeFiles/cmTryCompileExec165193871.dir/testCCompiler.c.o
/usr/bin/gcc    -o CMakeFiles/cmTryCompileExec165193871.dir/testCCompiler.c.o   -c /root/simgrid/simgrid/CMakeFiles/CMakeTmp/testCCompiler.c
Linking C executable cmTryCompileExec165193871
/usr/bin/cmake -E cmake_link_script CMakeFiles/cmTryCompileExec165193871.dir/link.txt --verbose=1
/usr/bin/gcc         CMakeFiles/cmTryCompileExec165193871.dir/testCCompiler.c.o  -o cmTryCompileExec165193871 -rdynamic 
make[1]: Leaving directory `/root/simgrid/simgrid-3.10-hypervisor/CMakeFiles/CMakeTmp'


Detecting C compiler ABI info compiled with the following output:
Change Dir: /root/simgrid/simgrid/CMakeFiles/CMakeTmp

Run Build Command:/usr/bin/make "cmTryCompileExec3710834865/fast"
/usr/bin/make -f CMakeFiles/cmTryCompileExec3710834865.dir/build.make CMakeFiles/cmTryCompileExec3710834865.dir/build
make[1]: Entering directory `/root/simgrid/simgrid-3.10-hypervisor/CMakeFiles/CMakeTmp'
/usr/bin/cmake -E cmake_progress_report /root/simgrid/simgrid/CMakeFiles/CMakeTmp/CMakeFiles 1
Building C object CMakeFiles/cmTryCompileExec3710834865.dir/CMakeCCompilerABI.c.o
/usr/bin/gcc    -o CMakeFiles/cmTryCompileExec3710834865.dir/CMakeCCompilerABI.c.o   -c /usr/share/cmake-2.8/Modules/CMakeCCompilerABI.c
Linking C executable cmTryCompileExec3710834865
/usr/bin/cmake -E cmake_link_script CMakeFiles/cmTryCompileExec3710834865.dir/link.txt --verbose=1
/usr/bin/gcc       -v CMakeFiles/cmTryCompileExec3710834865.dir/CMakeCCompilerABI.c.o  -o cmTryCompileExec3710834865 -rdynamic  
Using built-in specs.
COLLECT_GCC=/usr/bin/gcc
COLLECT_LTO_WRAPPER=/usr/lib/gcc/x86_64-linux-gnu/4.7/lto-wrapper
Target: x86_64-linux-gnu
Configured with: ../src/configure -v --with-pkgversion='Debian 4.7.2-5' --with-bugurl=file:///usr/share/doc/gcc-4.7/README.Bugs --enable-languages=c,c++,go,fortran,objc,obj-c++ --prefix=/usr --program-suffix=-4.7 --enable-shared --enable-linker-build-id --with-system-zlib --libexecdir=/usr/lib --without-included-gettext --enable-threads=posix --with-gxx-include-dir=/usr/include/c++/4.7 --libdir=/usr/lib --enable-nls --with-sysroot=/ --enable-clocale=gnu --enable-libstdcxx-debug --enable-libstdcxx-time=yes --enable-gnu-unique-object --enable-plugin --enable-objc-gc --with-arch-32=i586 --with-tune=generic --enable-checking=release --build=x86_64-linux-gnu --host=x86_64-linux-gnu --target=x86_64-linux-gnu
Thread model: posix
gcc version 4.7.2 (Debian 4.7.2-5) 
COMPILER_PATH=/usr/lib/gcc/x86_64-linux-gnu/4.7/:/usr/lib/gcc/x86_64-linux-gnu/4.7/:/usr/lib/gcc/x86_64-linux-gnu/:/usr/lib/gcc/x86_64-linux-gnu/4.7/:/usr/lib/gcc/x86_64-linux-gnu/
LIBRARY_PATH=/usr/lib/gcc/x86_64-linux-gnu/4.7/:/usr/lib/gcc/x86_64-linux-gnu/4.7/../../../x86_64-linux-gnu/:/usr/lib/gcc/x86_64-linux-gnu/4.7/../../../../lib/:/lib/x86_64-linux-gnu/:/lib/../lib/:/usr/lib/x86_64-linux-gnu/:/usr/lib/../lib/:/usr/lib/gcc/x86_64-linux-gnu/4.7/../../../:/lib/:/usr/lib/
COLLECT_GCC_OPTIONS='-v' '-o' 'cmTryCompileExec3710834865' '-rdynamic' '-mtune=generic' '-march=x86-64'
 /usr/lib/gcc/x86_64-linux-gnu/4.7/collect2 --sysroot=/ --build-id --no-add-needed --eh-frame-hdr -m elf_x86_64 --hash-style=both -export-dynamic -dynamic-linker /lib64/ld-linux-x86-64.so.2 -o cmTryCompileExec3710834865 /usr/lib/gcc/x86_64-linux-gnu/4.7/../../../x86_64-linux-gnu/crt1.o /usr/lib/gcc/x86_64-linux-gnu/4.7/../../../x86_64-linux-gnu/crti.o /usr/lib/gcc/x86_64-linux-gnu/4.7/crtbegin.o -L/usr/lib/gcc/x86_64-linux-gnu/4.7 -L/usr/lib/gcc/x86_64-linux-gnu/4.7/../../../x86_64-linux-gnu -L/usr/lib/gcc/x86_64-linux-gnu/4.7/../../../../lib -L/lib/x86_64-linux-gnu -L/lib/../lib -L/usr/lib/x86_64-linux-gnu -L/usr/lib/../lib -L/usr/lib/gcc/x86_64-linux-gnu/4.7/../../.. CMakeFiles/cmTryCompileExec3710834865.dir/CMakeCCompilerABI.c.o -lgcc --as-needed -lgcc_s --no-as-needed -lc -lgcc --as-needed -lgcc_s --no-as-needed /usr/lib/gcc/x86_64-linux-gnu/4.7/crtend.o /usr/lib/gcc/x86_64-linux-gnu/4.7/../../../x86_64-linux-gnu/crtn.o
make[1]: Leaving directory `/root/simgrid/simgrid-3.10-hypervisor/CMakeFiles/CMakeTmp'


Parsed C implicit link information from above output:
  link line regex: [^( *|.*[/\])(ld|ld|collect2)[^/\]*( |$)]
  ignore line: [Change Dir: /root/simgrid/simgrid/CMakeFiles/CMakeTmp]
  ignore line: []
  ignore line: [Run Build Command:/usr/bin/make "cmTryCompileExec3710834865/fast"]
  ignore line: [/usr/bin/make -f CMakeFiles/cmTryCompileExec3710834865.dir/build.make CMakeFiles/cmTryCompileExec3710834865.dir/build]
  ignore line: [make[1]: Entering directory `/root/simgrid/simgrid-3.10-hypervisor/CMakeFiles/CMakeTmp']
  ignore line: [/usr/bin/cmake -E cmake_progress_report /root/simgrid/simgrid/CMakeFiles/CMakeTmp/CMakeFiles 1]
  ignore line: [Building C object CMakeFiles/cmTryCompileExec3710834865.dir/CMakeCCompilerABI.c.o]
  ignore line: [/usr/bin/gcc    -o CMakeFiles/cmTryCompileExec3710834865.dir/CMakeCCompilerABI.c.o   -c /usr/share/cmake-2.8/Modules/CMakeCCompilerABI.c]
  ignore line: [Linking C executable cmTryCompileExec3710834865]
  ignore line: [/usr/bin/cmake -E cmake_link_script CMakeFiles/cmTryCompileExec3710834865.dir/link.txt --verbose=1]
  ignore line: [/usr/bin/gcc       -v CMakeFiles/cmTryCompileExec3710834865.dir/CMakeCCompilerABI.c.o  -o cmTryCompileExec3710834865 -rdynamic  ]
  ignore line: [Using built-in specs.]
  ignore line: [COLLECT_GCC=/usr/bin/gcc]
  ignore line: [COLLECT_LTO_WRAPPER=/usr/lib/gcc/x86_64-linux-gnu/4.7/lto-wrapper]
  ignore line: [Target: x86_64-linux-gnu]
  ignore line: [Configured with: ../src/configure -v --with-pkgversion='Debian 4.7.2-5' --with-bugurl=file:///usr/share/doc/gcc-4.7/README.Bugs --enable-languages=c,c++,go,fortran,objc,obj-c++ --prefix=/usr --program-suffix=-4.7 --enable-shared --enable-linker-build-id --with-system-zlib --libexecdir=/usr/lib --without-included-gettext --enable-threads=posix --with-gxx-include-dir=/usr/include/c++/4.7 --libdir=/usr/lib --enable-nls --with-sysroot=/ --enable-clocale=gnu --enable-libstdcxx-debug --enable-libstdcxx-time=yes --enable-gnu-unique-object --enable-plugin --enable-objc-gc --with-arch-32=i586 --with-tune=generic --enable-checking=release --build=x86_64-linux-gnu --host=x86_64-linux-gnu --target=x86_64-linux-gnu]
  ignore line: [Thread model: posix]
  ignore line: [gcc version 4.7.2 (Debian 4.7.2-5) ]
  ignore line: [COMPILER_PATH=/usr/lib/gcc/x86_64-linux-gnu/4.7/:/usr/lib/gcc/x86_64-linux-gnu/4.7/:/usr/lib/gcc/x86_64-linux-gnu/:/usr/lib/gcc/x86_64-linux-gnu/4.7/:/usr/lib/gcc/x86_64-linux-gnu/]
  ignore line: [LIBRARY_PATH=/usr/lib/gcc/x86_64-linux-gnu/4.7/:/usr/lib/gcc/x86_64-linux-gnu/4.7/../../../x86_64-linux-gnu/:/usr/lib/gcc/x86_64-linux-gnu/4.7/../../../../lib/:/lib/x86_64-linux-gnu/:/lib/../lib/:/usr/lib/x86_64-linux-gnu/:/usr/lib/../lib/:/usr/lib/gcc/x86_64-linux-gnu/4.7/../../../:/lib/:/usr/lib/]
  ignore line: [COLLECT_GCC_OPTIONS='-v' '-o' 'cmTryCompileExec3710834865' '-rdynamic' '-mtune=generic' '-march=x86-64']
  link line: [ /usr/lib/gcc/x86_64-linux-gnu/4.7/collect2 --sysroot=/ --build-id --no-add-needed --eh-frame-hdr -m elf_x86_64 --hash-style=both -export-dynamic -dynamic-linker /lib64/ld-linux-x86-64.so.2 -o cmTryCompileExec3710834865 /usr/lib/gcc/x86_64-linux-gnu/4.7/../../../x86_64-linux-gnu/crt1.o /usr/lib/gcc/x86_64-linux-gnu/4.7/../../../x86_64-linux-gnu/crti.o /usr/lib/gcc/x86_64-linux-gnu/4.7/crtbegin.o -L/usr/lib/gcc/x86_64-linux-gnu/4.7 -L/usr/lib/gcc/x86_64-linux-gnu/4.7/../../../x86_64-linux-gnu -L/usr/lib/gcc/x86_64-linux-gnu/4.7/../../../../lib -L/lib/x86_64-linux-gnu -L/lib/../lib -L/usr/lib/x86_64-linux-gnu -L/usr/lib/../lib -L/usr/lib/gcc/x86_64-linux-gnu/4.7/../../.. CMakeFiles/cmTryCompileExec3710834865.dir/CMakeCCompilerABI.c.o -lgcc --as-needed -lgcc_s --no-as-needed -lc -lgcc --as-needed -lgcc_s --no-as-needed /usr/lib/gcc/x86_64-linux-gnu/4.7/crtend.o /usr/lib/gcc/x86_64-linux-gnu/4.7/../../../x86_64-linux-gnu/crtn.o]
    arg [/usr/lib/gcc/x86_64-linux-gnu/4.7/collect2] ==> ignore
    arg [--sysroot=/] ==> ignore
    arg [--build-id] ==> ignore
    arg [--no-add-needed] ==> ignore
    arg [--eh-frame-hdr] ==> ignore
    arg [-m] ==> ignore
    arg [elf_x86_64] ==> ignore
    arg [--hash-style=both] ==> ignore
    arg [-export-dynamic] ==> ignore
    arg [-dynamic-linker] ==> ignore
    arg [/lib64/ld-linux-x86-64.so.2] ==> ignore
    arg [-o] ==> ignore
    arg [cmTryCompileExec3710834865] ==> ignore
    arg [/usr/lib/gcc/x86_64-linux-gnu/4.7/../../../x86_64-linux-gnu/crt1.o] ==> ignore
    arg [/usr/lib/gcc/x86_64-linux-gnu/4.7/../../../x86_64-linux-gnu/crti.o] ==> ignore
    arg [/usr/lib/gcc/x86_64-linux-gnu/4.7/crtbegin.o] ==> ignore
    arg [-L/usr/lib/gcc/x86_64-linux-gnu/4.7] ==> dir [/usr/lib/gcc/x86_64-linux-gnu/4.7]
    arg [-L/usr/lib/gcc/x86_64-linux-gnu/4.7/../../../x86_64-linux-gnu] ==> dir [/usr/lib/gcc/x86_64-linux-gnu/4.7/../../../x86_64-linux-gnu]
    arg [-L/usr/lib/gcc/x86_64-linux-gnu/4.7/../../../../lib] ==> dir [/usr/lib/gcc/x86_64-linux-gnu/4.7/../../../../lib]
    arg [-L/lib/x86_64-linux-gnu] ==> dir [/lib/x86_64-linux-gnu]
    arg [-L/lib/../lib] ==> dir [/lib/../lib]
    arg [-L/usr/lib/x86_64-linux-gnu] ==> dir [/usr/lib/x86_64-linux-gnu]
    arg [-L/usr/lib/../lib] ==> dir [/usr/lib/../lib]
    arg [-L/usr/lib/gcc/x86_64-linux-gnu/4.7/../../..] ==> dir [/usr/lib/gcc/x86_64-linux-gnu/4.7/../../..]
    arg [CMakeFiles/cmTryCompileExec3710834865.dir/CMakeCCompilerABI.c.o] ==> ignore
    arg [-lgcc] ==> lib [gcc]
    arg [--as-needed] ==> ignore
    arg [-lgcc_s] ==> lib [gcc_s]
    arg [--no-as-needed] ==> ignore
    arg [-lc] ==> lib [c]
    arg [-lgcc] ==> lib [gcc]
    arg [--as-needed] ==> ignore
    arg [-lgcc_s] ==> lib [gcc_s]
    arg [--no-as-needed] ==> ignore
    arg [/usr/lib/gcc/x86_64-linux-gnu/4.7/crtend.o] ==> ignore
    arg [/usr/lib/gcc/x86_64-linux-gnu/4.7/../../../x86_64-linux-gnu/crtn.o] ==> ignore
  remove lib [gcc]
  remove lib [gcc_s]
  remove lib [gcc]
  remove lib [gcc_s]
  collapse dir [/usr/lib/gcc/x86_64-linux-gnu/4.7] ==> [/usr/lib/gcc/x86_64-linux-gnu/4.7]
  collapse dir [/usr/lib/gcc/x86_64-linux-gnu/4.7/../../../x86_64-linux-gnu] ==> [/usr/lib/x86_64-linux-gnu]
  collapse dir [/usr/lib/gcc/x86_64-linux-gnu/4.7/../../../../lib] ==> [/usr/lib]
  collapse dir [/lib/x86_64-linux-gnu] ==> [/lib/x86_64-linux-gnu]
  collapse dir [/lib/../lib] ==> [/lib]
  collapse dir [/usr/lib/x86_64-linux-gnu] ==> [/usr/lib/x86_64-linux-gnu]
  collapse dir [/usr/lib/../lib] ==> [/usr/lib]
  collapse dir [/usr/lib/gcc/x86_64-linux-gnu/4.7/../../..] ==> [/usr/lib]
  implicit libs: [c]
  implicit dirs: [/usr/lib/gcc/x86_64-linux-gnu/4.7;/usr/lib/x86_64-linux-gnu;/usr/lib;/lib/x86_64-linux-gnu;/lib]


Determining if the include file sys/types.h exists passed with the following output:
Change Dir: /root/simgrid/simgrid/CMakeFiles/CMakeTmp

Run Build Command:/usr/bin/make "cmTryCompileExec2131477968/fast"
/usr/bin/make -f CMakeFiles/cmTryCompileExec2131477968.dir/build.make CMakeFiles/cmTryCompileExec2131477968.dir/build
make[1]: Entering directory `/root/simgrid/simgrid-3.10-hypervisor/CMakeFiles/CMakeTmp'
/usr/bin/cmake -E cmake_progress_report /root/simgrid/simgrid/CMakeFiles/CMakeTmp/CMakeFiles 1
Building C object CMakeFiles/cmTryCompileExec2131477968.dir/CheckIncludeFile.c.o
/usr/bin/gcc    -o CMakeFiles/cmTryCompileExec2131477968.dir/CheckIncludeFile.c.o   -c /root/simgrid/simgrid/CMakeFiles/CMakeTmp/CheckIncludeFile.c
Linking C executable cmTryCompileExec2131477968
/usr/bin/cmake -E cmake_link_script CMakeFiles/cmTryCompileExec2131477968.dir/link.txt --verbose=1
/usr/bin/gcc         CMakeFiles/cmTryCompileExec2131477968.dir/CheckIncludeFile.c.o  -o cmTryCompileExec2131477968 -rdynamic 
make[1]: Leaving directory `/root/simgrid/simgrid-3.10-hypervisor/CMakeFiles/CMakeTmp'


Determining if the include file stdint.h exists passed with the following output:
Change Dir: /root/simgrid/simgrid/CMakeFiles/CMakeTmp

Run Build Command:/usr/bin/make "cmTryCompileExec3894495260/fast"
/usr/bin/make -f CMakeFiles/cmTryCompileExec3894495260.dir/build.make CMakeFiles/cmTryCompileExec3894495260.dir/build
make[1]: Entering directory `/root/simgrid/simgrid-3.10-hypervisor/CMakeFiles/CMakeTmp'
/usr/bin/cmake -E cmake_progress_report /root/simgrid/simgrid/CMakeFiles/CMakeTmp/CMakeFiles 1
Building C object CMakeFiles/cmTryCompileExec3894495260.dir/CheckIncludeFile.c.o
/usr/bin/gcc    -o CMakeFiles/cmTryCompileExec3894495260.dir/CheckIncludeFile.c.o   -c /root/simgrid/simgrid/CMakeFiles/CMakeTmp/CheckIncludeFile.c
Linking C executable cmTryCompileExec3894495260
/usr/bin/cmake -E cmake_link_script CMakeFiles/cmTryCompileExec3894495260.dir/link.txt --verbose=1
/usr/bin/gcc         CMakeFiles/cmTryCompileExec3894495260.dir/CheckIncludeFile.c.o  -o cmTryCompileExec3894495260 -rdynamic 
make[1]: Leaving directory `/root/simgrid/simgrid-3.10-hypervisor/CMakeFiles/CMakeTmp'


Determining if the include file stddef.h exists passed with the following output:
Change Dir: /root/simgrid/simgrid/CMakeFiles/CMakeTmp

Run Build Command:/usr/bin/make "cmTryCompileExec3353822269/fast"
/usr/bin/make -f CMakeFiles/cmTryCompileExec3353822269.dir/build.make CMakeFiles/cmTryCompileExec3353822269.dir/build
make[1]: Entering directory `/root/simgrid/simgrid-3.10-hypervisor/CMakeFiles/CMakeTmp'
/usr/bin/cmake -E cmake_progress_report /root/simgrid/simgrid/CMakeFiles/CMakeTmp/CMakeFiles 1
Building C object CMakeFiles/cmTryCompileExec3353822269.dir/CheckIncludeFile.c.o
/usr/bin/gcc    -o CMakeFiles/cmTryCompileExec3353822269.dir/CheckIncludeFile.c.o   -c /root/simgrid/simgrid/CMakeFiles/CMakeTmp/CheckIncludeFile.c
Linking C executable cmTryCompileExec3353822269
/usr/bin/cmake -E cmake_link_script CMakeFiles/cmTryCompileExec3353822269.dir/link.txt --verbose=1
/usr/bin/gcc         CMakeFiles/cmTryCompileExec3353822269.dir/CheckIncludeFile.c.o  -o cmTryCompileExec3353822269 -rdynamic 
make[1]: Leaving directory `/root/simgrid/simgrid-3.10-hypervisor/CMakeFiles/CMakeTmp'


Determining size of void* passed with the following output:
Change Dir: /root/simgrid/simgrid/CMakeFiles/CMakeTmp

Run Build Command:/usr/bin/make "cmTryCompileExec3610398067/fast"
/usr/bin/make -f CMakeFiles/cmTryCompileExec3610398067.dir/build.make CMakeFiles/cmTryCompileExec3610398067.dir/build
make[1]: Entering directory `/root/simgrid/simgrid-3.10-hypervisor/CMakeFiles/CMakeTmp'
/usr/bin/cmake -E cmake_progress_report /root/simgrid/simgrid/CMakeFiles/CMakeTmp/CMakeFiles 1
Building C object CMakeFiles/cmTryCompileExec3610398067.dir/SIZEOF_VOIDSTAR.c.o
/usr/bin/gcc    -o CMakeFiles/cmTryCompileExec3610398067.dir/SIZEOF_VOIDSTAR.c.o   -c /root/simgrid/simgrid/CMakeFiles/CheckTypeSize/SIZEOF_VOIDSTAR.c
Linking C executable cmTryCompileExec3610398067
/usr/bin/cmake -E cmake_link_script CMakeFiles/cmTryCompileExec3610398067.dir/link.txt --verbose=1
/usr/bin/gcc         CMakeFiles/cmTryCompileExec3610398067.dir/SIZEOF_VOIDSTAR.c.o  -o cmTryCompileExec3610398067 -rdynamic 
make[1]: Leaving directory `/root/simgrid/simgrid-3.10-hypervisor/CMakeFiles/CMakeTmp'


The target system is: Linux - 3.2.0-4-amd64 - x86_64
The host system is: Linux - 3.2.0-4-amd64 - x86_64
Determining size of unsigned short passed with the following output:
Change Dir: /root/simgrid/simgrid/CMakeFiles/CMakeTmp

Run Build Command:/usr/bin/make "cmTryCompileExec976905704/fast"
/usr/bin/make -f CMakeFiles/cmTryCompileExec976905704.dir/build.make CMakeFiles/cmTryCompileExec976905704.dir/build
make[1]: Entering directory `/root/simgrid/simgrid-3.10-hypervisor/CMakeFiles/CMakeTmp'
/usr/bin/cmake -E cmake_progress_report /root/simgrid/simgrid/CMakeFiles/CMakeTmp/CMakeFiles 1
Building C object CMakeFiles/cmTryCompileExec976905704.dir/CMAKE_SIZEOF_UNSIGNED_SHORT.c.o
/usr/bin/gcc    -o CMakeFiles/cmTryCompileExec976905704.dir/CMAKE_SIZEOF_UNSIGNED_SHORT.c.o   -c /root/simgrid/simgrid/CMakeFiles/CheckTypeSize/CMAKE_SIZEOF_UNSIGNED_SHORT.c
Linking C executable cmTryCompileExec976905704
/usr/bin/cmake -E cmake_link_script CMakeFiles/cmTryCompileExec976905704.dir/link.txt --verbose=1
/usr/bin/gcc         CMakeFiles/cmTryCompileExec976905704.dir/CMAKE_SIZEOF_UNSIGNED_SHORT.c.o  -o cmTryCompileExec976905704 -rdynamic 
make[1]: Leaving directory `/root/simgrid/simgrid-3.10-hypervisor/CMakeFiles/CMakeTmp'


Determining if the function pthread_create exists in the pthread passed with the following output:
Change Dir: /root/simgrid/simgrid/CMakeFiles/CMakeTmp

Run Build Command:/usr/bin/make "cmTryCompileExec2155575221/fast"
/usr/bin/make -f CMakeFiles/cmTryCompileExec2155575221.dir/build.make CMakeFiles/cmTryCompileExec2155575221.dir/build
make[1]: Entering directory `/root/simgrid/simgrid-3.10-hypervisor/CMakeFiles/CMakeTmp'
/usr/bin/cmake -E cmake_progress_report /root/simgrid/simgrid/CMakeFiles/CMakeTmp/CMakeFiles 1
Building C object CMakeFiles/cmTryCompileExec2155575221.dir/CheckFunctionExists.c.o
/usr/bin/gcc   -DCHECK_FUNCTION_EXISTS=pthread_create   -o CMakeFiles/cmTryCompileExec2155575221.dir/CheckFunctionExists.c.o   -c /usr/share/cmake-2.8/Modules/CheckFunctionExists.c
Linking C executable cmTryCompileExec2155575221
/usr/bin/cmake -E cmake_link_script CMakeFiles/cmTryCompileExec2155575221.dir/link.txt --verbose=1
/usr/bin/gcc     -DCHECK_FUNCTION_EXISTS=pthread_create    CMakeFiles/cmTryCompileExec2155575221.dir/CheckFunctionExists.c.o  -o cmTryCompileExec2155575221 -rdynamic -lpthread 
make[1]: Leaving directory `/root/simgrid/simgrid-3.10-hypervisor/CMakeFiles/CMakeTmp'


Determining if the function sem_init exists in the pthread passed with the following output:
Change Dir: /root/simgrid/simgrid/CMakeFiles/CMakeTmp

Run Build Command:/usr/bin/make "cmTryCompileExec2138925124/fast"
/usr/bin/make -f CMakeFiles/cmTryCompileExec2138925124.dir/build.make CMakeFiles/cmTryCompileExec2138925124.dir/build
make[1]: Entering directory `/root/simgrid/simgrid-3.10-hypervisor/CMakeFiles/CMakeTmp'
/usr/bin/cmake -E cmake_progress_report /root/simgrid/simgrid/CMakeFiles/CMakeTmp/CMakeFiles 1
Building C object CMakeFiles/cmTryCompileExec2138925124.dir/CheckFunctionExists.c.o
/usr/bin/gcc   -DCHECK_FUNCTION_EXISTS=sem_init   -o CMakeFiles/cmTryCompileExec2138925124.dir/CheckFunctionExists.c.o   -c /usr/share/cmake-2.8/Modules/CheckFunctionExists.c
Linking C executable cmTryCompileExec2138925124
/usr/bin/cmake -E cmake_link_script CMakeFiles/cmTryCompileExec2138925124.dir/link.txt --verbose=1
/usr/bin/gcc     -DCHECK_FUNCTION_EXISTS=sem_init    CMakeFiles/cmTryCompileExec2138925124.dir/CheckFunctionExists.c.o  -o cmTryCompileExec2138925124 -rdynamic -lpthread 
make[1]: Leaving directory `/root/simgrid/simgrid-3.10-hypervisor/CMakeFiles/CMakeTmp'


Determining if the function sem_open exists in the pthread passed with the following output:
Change Dir: /root/simgrid/simgrid/CMakeFiles/CMakeTmp

Run Build Command:/usr/bin/make "cmTryCompileExec2357318534/fast"
/usr/bin/make -f CMakeFiles/cmTryCompileExec2357318534.dir/build.make CMakeFiles/cmTryCompileExec2357318534.dir/build
make[1]: Entering directory `/root/simgrid/simgrid-3.10-hypervisor/CMakeFiles/CMakeTmp'
/usr/bin/cmake -E cmake_progress_report /root/simgrid/simgrid/CMakeFiles/CMakeTmp/CMakeFiles 1
Building C object CMakeFiles/cmTryCompileExec2357318534.dir/CheckFunctionExists.c.o
/usr/bin/gcc   -DCHECK_FUNCTION_EXISTS=sem_open   -o CMakeFiles/cmTryCompileExec2357318534.dir/CheckFunctionExists.c.o   -c /usr/share/cmake-2.8/Modules/CheckFunctionExists.c
Linking C executable cmTryCompileExec2357318534
/usr/bin/cmake -E cmake_link_script CMakeFiles/cmTryCompileExec2357318534.dir/link.txt --verbose=1
/usr/bin/gcc     -DCHECK_FUNCTION_EXISTS=sem_open    CMakeFiles/cmTryCompileExec2357318534.dir/CheckFunctionExists.c.o  -o cmTryCompileExec2357318534 -rdynamic -lpthread 
make[1]: Leaving directory `/root/simgrid/simgrid-3.10-hypervisor/CMakeFiles/CMakeTmp'


Determining if the function sem_timedwait exists in the pthread passed with the following output:
Change Dir: /root/simgrid/simgrid/CMakeFiles/CMakeTmp

Run Build Command:/usr/bin/make "cmTryCompileExec807003103/fast"
/usr/bin/make -f CMakeFiles/cmTryCompileExec807003103.dir/build.make CMakeFiles/cmTryCompileExec807003103.dir/build
make[1]: Entering directory `/root/simgrid/simgrid-3.10-hypervisor/CMakeFiles/CMakeTmp'
/usr/bin/cmake -E cmake_progress_report /root/simgrid/simgrid/CMakeFiles/CMakeTmp/CMakeFiles 1
Building C object CMakeFiles/cmTryCompileExec807003103.dir/CheckFunctionExists.c.o
/usr/bin/gcc   -DCHECK_FUNCTION_EXISTS=sem_timedwait   -o CMakeFiles/cmTryCompileExec807003103.dir/CheckFunctionExists.c.o   -c /usr/share/cmake-2.8/Modules/CheckFunctionExists.c
Linking C executable cmTryCompileExec807003103
/usr/bin/cmake -E cmake_link_script CMakeFiles/cmTryCompileExec807003103.dir/link.txt --verbose=1
/usr/bin/gcc     -DCHECK_FUNCTION_EXISTS=sem_timedwait    CMakeFiles/cmTryCompileExec807003103.dir/CheckFunctionExists.c.o  -o cmTryCompileExec807003103 -rdynamic -lpthread 
make[1]: Leaving directory `/root/simgrid/simgrid-3.10-hypervisor/CMakeFiles/CMakeTmp'


Determining if the function pthread_mutex_timedlock exists in the pthread passed with the following output:
Change Dir: /root/simgrid/simgrid/CMakeFiles/CMakeTmp

Run Build Command:/usr/bin/make "cmTryCompileExec2506350740/fast"
/usr/bin/make -f CMakeFiles/cmTryCompileExec2506350740.dir/build.make CMakeFiles/cmTryCompileExec2506350740.dir/build
make[1]: Entering directory `/root/simgrid/simgrid-3.10-hypervisor/CMakeFiles/CMakeTmp'
/usr/bin/cmake -E cmake_progress_report /root/simgrid/simgrid/CMakeFiles/CMakeTmp/CMakeFiles 1
Building C object CMakeFiles/cmTryCompileExec2506350740.dir/CheckFunctionExists.c.o
/usr/bin/gcc   -DCHECK_FUNCTION_EXISTS=pthread_mutex_timedlock   -o CMakeFiles/cmTryCompileExec2506350740.dir/CheckFunctionExists.c.o   -c /usr/share/cmake-2.8/Modules/CheckFunctionExists.c
Linking C executable cmTryCompileExec2506350740
/usr/bin/cmake -E cmake_link_script CMakeFiles/cmTryCompileExec2506350740.dir/link.txt --verbose=1
/usr/bin/gcc     -DCHECK_FUNCTION_EXISTS=pthread_mutex_timedlock    CMakeFiles/cmTryCompileExec2506350740.dir/CheckFunctionExists.c.o  -o cmTryCompileExec2506350740 -rdynamic -lpthread 
make[1]: Leaving directory `/root/simgrid/simgrid-3.10-hypervisor/CMakeFiles/CMakeTmp'


Determining if the function clock_gettime exists in the rt passed with the following output:
Change Dir: /root/simgrid/simgrid/CMakeFiles/CMakeTmp

Run Build Command:/usr/bin/make "cmTryCompileExec1424725000/fast"
/usr/bin/make -f CMakeFiles/cmTryCompileExec1424725000.dir/build.make CMakeFiles/cmTryCompileExec1424725000.dir/build
make[1]: Entering directory `/root/simgrid/simgrid-3.10-hypervisor/CMakeFiles/CMakeTmp'
/usr/bin/cmake -E cmake_progress_report /root/simgrid/simgrid/CMakeFiles/CMakeTmp/CMakeFiles 1
Building C object CMakeFiles/cmTryCompileExec1424725000.dir/CheckFunctionExists.c.o
/usr/bin/gcc   -DCHECK_FUNCTION_EXISTS=clock_gettime   -o CMakeFiles/cmTryCompileExec1424725000.dir/CheckFunctionExists.c.o   -c /usr/share/cmake-2.8/Modules/CheckFunctionExists.c
Linking C executable cmTryCompileExec1424725000
/usr/bin/cmake -E cmake_link_script CMakeFiles/cmTryCompileExec1424725000.dir/link.txt --verbose=1
/usr/bin/gcc     -DCHECK_FUNCTION_EXISTS=clock_gettime    CMakeFiles/cmTryCompileExec1424725000.dir/CheckFunctionExists.c.o  -o cmTryCompileExec1424725000 -rdynamic -lrt 
make[1]: Leaving directory `/root/simgrid/simgrid-3.10-hypervisor/CMakeFiles/CMakeTmp'


Determining if files time.h;sys/time.h exist passed with the following output:
Change Dir: /root/simgrid/simgrid/CMakeFiles/CMakeTmp

Run Build Command:/usr/bin/make "cmTryCompileExec2578128748/fast"
/usr/bin/make -f CMakeFiles/cmTryCompileExec2578128748.dir/build.make CMakeFiles/cmTryCompileExec2578128748.dir/build
make[1]: Entering directory `/root/simgrid/simgrid-3.10-hypervisor/CMakeFiles/CMakeTmp'
/usr/bin/cmake -E cmake_progress_report /root/simgrid/simgrid/CMakeFiles/CMakeTmp/CMakeFiles 1
Building C object CMakeFiles/cmTryCompileExec2578128748.dir/CheckIncludeFiles.c.o
/usr/bin/gcc    -o CMakeFiles/cmTryCompileExec2578128748.dir/CheckIncludeFiles.c.o   -c /root/simgrid/simgrid/CMakeFiles/CMakeTmp/CheckIncludeFiles.c
Linking C executable cmTryCompileExec2578128748
/usr/bin/cmake -E cmake_link_script CMakeFiles/cmTryCompileExec2578128748.dir/link.txt --verbose=1
/usr/bin/gcc         CMakeFiles/cmTryCompileExec2578128748.dir/CheckIncludeFiles.c.o  -o cmTryCompileExec2578128748 -rdynamic 
make[1]: Leaving directory `/root/simgrid/simgrid-3.10-hypervisor/CMakeFiles/CMakeTmp'


Determining if files stdlib.h;stdarg.h;string.h;float.h exist passed with the following output:
Change Dir: /root/simgrid/simgrid/CMakeFiles/CMakeTmp

Run Build Command:/usr/bin/make "cmTryCompileExec2288332142/fast"
/usr/bin/make -f CMakeFiles/cmTryCompileExec2288332142.dir/build.make CMakeFiles/cmTryCompileExec2288332142.dir/build
make[1]: Entering directory `/root/simgrid/simgrid-3.10-hypervisor/CMakeFiles/CMakeTmp'
/usr/bin/cmake -E cmake_progress_report /root/simgrid/simgrid/CMakeFiles/CMakeTmp/CMakeFiles 1
Building C object CMakeFiles/cmTryCompileExec2288332142.dir/CheckIncludeFiles.c.o
/usr/bin/gcc    -o CMakeFiles/cmTryCompileExec2288332142.dir/CheckIncludeFiles.c.o   -c /root/simgrid/simgrid/CMakeFiles/CMakeTmp/CheckIncludeFiles.c
Linking C executable cmTryCompileExec2288332142
/usr/bin/cmake -E cmake_link_script CMakeFiles/cmTryCompileExec2288332142.dir/link.txt --verbose=1
/usr/bin/gcc         CMakeFiles/cmTryCompileExec2288332142.dir/CheckIncludeFiles.c.o  -o cmTryCompileExec2288332142 -rdynamic 
make[1]: Leaving directory `/root/simgrid/simgrid-3.10-hypervisor/CMakeFiles/CMakeTmp'


Determining if the include file pthread.h exists passed with the following output:
Change Dir: /root/simgrid/simgrid/CMakeFiles/CMakeTmp

Run Build Command:/usr/bin/make "cmTryCompileExec1626815786/fast"
/usr/bin/make -f CMakeFiles/cmTryCompileExec1626815786.dir/build.make CMakeFiles/cmTryCompileExec1626815786.dir/build
make[1]: Entering directory `/root/simgrid/simgrid-3.10-hypervisor/CMakeFiles/CMakeTmp'
/usr/bin/cmake -E cmake_progress_report /root/simgrid/simgrid/CMakeFiles/CMakeTmp/CMakeFiles 1
Building C object CMakeFiles/cmTryCompileExec1626815786.dir/CheckIncludeFile.c.o
/usr/bin/gcc    -o CMakeFiles/cmTryCompileExec1626815786.dir/CheckIncludeFile.c.o   -c /root/simgrid/simgrid/CMakeFiles/CMakeTmp/CheckIncludeFile.c
Linking C executable cmTryCompileExec1626815786
/usr/bin/cmake -E cmake_link_script CMakeFiles/cmTryCompileExec1626815786.dir/link.txt --verbose=1
/usr/bin/gcc         CMakeFiles/cmTryCompileExec1626815786.dir/CheckIncludeFile.c.o  -o cmTryCompileExec1626815786 -rdynamic 
make[1]: Leaving directory `/root/simgrid/simgrid-3.10-hypervisor/CMakeFiles/CMakeTmp'


Determining if the include file sys/socket.h exists passed with the following output:
Change Dir: /root/simgrid/simgrid/CMakeFiles/CMakeTmp

Run Build Command:/usr/bin/make "cmTryCompileExec1606697604/fast"
/usr/bin/make -f CMakeFiles/cmTryCompileExec1606697604.dir/build.make CMakeFiles/cmTryCompileExec1606697604.dir/build
make[1]: Entering directory `/root/simgrid/simgrid-3.10-hypervisor/CMakeFiles/CMakeTmp'
/usr/bin/cmake -E cmake_progress_report /root/simgrid/simgrid/CMakeFiles/CMakeTmp/CMakeFiles 1
Building C object CMakeFiles/cmTryCompileExec1606697604.dir/CheckIncludeFile.c.o
/usr/bin/gcc    -o CMakeFiles/cmTryCompileExec1606697604.dir/CheckIncludeFile.c.o   -c /root/simgrid/simgrid/CMakeFiles/CMakeTmp/CheckIncludeFile.c
Linking C executable cmTryCompileExec1606697604
/usr/bin/cmake -E cmake_link_script CMakeFiles/cmTryCompileExec1606697604.dir/link.txt --verbose=1
/usr/bin/gcc         CMakeFiles/cmTryCompileExec1606697604.dir/CheckIncludeFile.c.o  -o cmTryCompileExec1606697604 -rdynamic 
make[1]: Leaving directory `/root/simgrid/simgrid-3.10-hypervisor/CMakeFiles/CMakeTmp'


Determining if the include file sys/stat.h exists passed with the following output:
Change Dir: /root/simgrid/simgrid/CMakeFiles/CMakeTmp

Run Build Command:/usr/bin/make "cmTryCompileExec1032442471/fast"
/usr/bin/make -f CMakeFiles/cmTryCompileExec1032442471.dir/build.make CMakeFiles/cmTryCompileExec1032442471.dir/build
make[1]: Entering directory `/root/simgrid/simgrid-3.10-hypervisor/CMakeFiles/CMakeTmp'
/usr/bin/cmake -E cmake_progress_report /root/simgrid/simgrid/CMakeFiles/CMakeTmp/CMakeFiles 1
Building C object CMakeFiles/cmTryCompileExec1032442471.dir/CheckIncludeFile.c.o
/usr/bin/gcc    -o CMakeFiles/cmTryCompileExec1032442471.dir/CheckIncludeFile.c.o   -c /root/simgrid/simgrid/CMakeFiles/CMakeTmp/CheckIncludeFile.c
Linking C executable cmTryCompileExec1032442471
/usr/bin/cmake -E cmake_link_script CMakeFiles/cmTryCompileExec1032442471.dir/link.txt --verbose=1
/usr/bin/gcc         CMakeFiles/cmTryCompileExec1032442471.dir/CheckIncludeFile.c.o  -o cmTryCompileExec1032442471 -rdynamic 
make[1]: Leaving directory `/root/simgrid/simgrid-3.10-hypervisor/CMakeFiles/CMakeTmp'


Determining if the include file errno.h exists passed with the following output:
Change Dir: /root/simgrid/simgrid/CMakeFiles/CMakeTmp

Run Build Command:/usr/bin/make "cmTryCompileExec1715954065/fast"
/usr/bin/make -f CMakeFiles/cmTryCompileExec1715954065.dir/build.make CMakeFiles/cmTryCompileExec1715954065.dir/build
make[1]: Entering directory `/root/simgrid/simgrid-3.10-hypervisor/CMakeFiles/CMakeTmp'
/usr/bin/cmake -E cmake_progress_report /root/simgrid/simgrid/CMakeFiles/CMakeTmp/CMakeFiles 1
Building C object CMakeFiles/cmTryCompileExec1715954065.dir/CheckIncludeFile.c.o
/usr/bin/gcc    -o CMakeFiles/cmTryCompileExec1715954065.dir/CheckIncludeFile.c.o   -c /root/simgrid/simgrid/CMakeFiles/CMakeTmp/CheckIncludeFile.c
Linking C executable cmTryCompileExec1715954065
/usr/bin/cmake -E cmake_link_script CMakeFiles/cmTryCompileExec1715954065.dir/link.txt --verbose=1
/usr/bin/gcc         CMakeFiles/cmTryCompileExec1715954065.dir/CheckIncludeFile.c.o  -o cmTryCompileExec1715954065 -rdynamic 
make[1]: Leaving directory `/root/simgrid/simgrid-3.10-hypervisor/CMakeFiles/CMakeTmp'


Determining if the include file unistd.h exists passed with the following output:
Change Dir: /root/simgrid/simgrid/CMakeFiles/CMakeTmp

Run Build Command:/usr/bin/make "cmTryCompileExec3884798105/fast"
/usr/bin/make -f CMakeFiles/cmTryCompileExec3884798105.dir/build.make CMakeFiles/cmTryCompileExec3884798105.dir/build
make[1]: Entering directory `/root/simgrid/simgrid-3.10-hypervisor/CMakeFiles/CMakeTmp'
/usr/bin/cmake -E cmake_progress_report /root/simgrid/simgrid/CMakeFiles/CMakeTmp/CMakeFiles 1
Building C object CMakeFiles/cmTryCompileExec3884798105.dir/CheckIncludeFile.c.o
/usr/bin/gcc    -o CMakeFiles/cmTryCompileExec3884798105.dir/CheckIncludeFile.c.o   -c /root/simgrid/simgrid/CMakeFiles/CMakeTmp/CheckIncludeFile.c
Linking C executable cmTryCompileExec3884798105
/usr/bin/cmake -E cmake_link_script CMakeFiles/cmTryCompileExec3884798105.dir/link.txt --verbose=1
/usr/bin/gcc         CMakeFiles/cmTryCompileExec3884798105.dir/CheckIncludeFile.c.o  -o cmTryCompileExec3884798105 -rdynamic 
make[1]: Leaving directory `/root/simgrid/simgrid-3.10-hypervisor/CMakeFiles/CMakeTmp'


Determining if the include file execinfo.h exists passed with the following output:
Change Dir: /root/simgrid/simgrid/CMakeFiles/CMakeTmp

Run Build Command:/usr/bin/make "cmTryCompileExec3706041284/fast"
/usr/bin/make -f CMakeFiles/cmTryCompileExec3706041284.dir/build.make CMakeFiles/cmTryCompileExec3706041284.dir/build
make[1]: Entering directory `/root/simgrid/simgrid-3.10-hypervisor/CMakeFiles/CMakeTmp'
/usr/bin/cmake -E cmake_progress_report /root/simgrid/simgrid/CMakeFiles/CMakeTmp/CMakeFiles 1
Building C object CMakeFiles/cmTryCompileExec3706041284.dir/CheckIncludeFile.c.o
/usr/bin/gcc    -o CMakeFiles/cmTryCompileExec3706041284.dir/CheckIncludeFile.c.o   -c /root/simgrid/simgrid/CMakeFiles/CMakeTmp/CheckIncludeFile.c
Linking C executable cmTryCompileExec3706041284
/usr/bin/cmake -E cmake_link_script CMakeFiles/cmTryCompileExec3706041284.dir/link.txt --verbose=1
/usr/bin/gcc         CMakeFiles/cmTryCompileExec3706041284.dir/CheckIncludeFile.c.o  -o cmTryCompileExec3706041284 -rdynamic 
make[1]: Leaving directory `/root/simgrid/simgrid-3.10-hypervisor/CMakeFiles/CMakeTmp'


Determining if the include file signal.h exists passed with the following output:
Change Dir: /root/simgrid/simgrid/CMakeFiles/CMakeTmp

Run Build Command:/usr/bin/make "cmTryCompileExec4261250922/fast"
/usr/bin/make -f CMakeFiles/cmTryCompileExec4261250922.dir/build.make CMakeFiles/cmTryCompileExec4261250922.dir/build
make[1]: Entering directory `/root/simgrid/simgrid-3.10-hypervisor/CMakeFiles/CMakeTmp'
/usr/bin/cmake -E cmake_progress_report /root/simgrid/simgrid/CMakeFiles/CMakeTmp/CMakeFiles 1
Building C object CMakeFiles/cmTryCompileExec4261250922.dir/CheckIncludeFile.c.o
/usr/bin/gcc    -o CMakeFiles/cmTryCompileExec4261250922.dir/CheckIncludeFile.c.o   -c /root/simgrid/simgrid/CMakeFiles/CMakeTmp/CheckIncludeFile.c
Linking C executable cmTryCompileExec4261250922
/usr/bin/cmake -E cmake_link_script CMakeFiles/cmTryCompileExec4261250922.dir/link.txt --verbose=1
/usr/bin/gcc         CMakeFiles/cmTryCompileExec4261250922.dir/CheckIncludeFile.c.o  -o cmTryCompileExec4261250922 -rdynamic 
make[1]: Leaving directory `/root/simgrid/simgrid-3.10-hypervisor/CMakeFiles/CMakeTmp'


Determining if the include file sys/time.h exists passed with the following output:
Change Dir: /root/simgrid/simgrid/CMakeFiles/CMakeTmp

Run Build Command:/usr/bin/make "cmTryCompileExec3991326675/fast"
/usr/bin/make -f CMakeFiles/cmTryCompileExec3991326675.dir/build.make CMakeFiles/cmTryCompileExec3991326675.dir/build
make[1]: Entering directory `/root/simgrid/simgrid-3.10-hypervisor/CMakeFiles/CMakeTmp'
/usr/bin/cmake -E cmake_progress_report /root/simgrid/simgrid/CMakeFiles/CMakeTmp/CMakeFiles 1
Building C object CMakeFiles/cmTryCompileExec3991326675.dir/CheckIncludeFile.c.o
/usr/bin/gcc    -o CMakeFiles/cmTryCompileExec3991326675.dir/CheckIncludeFile.c.o   -c /root/simgrid/simgrid/CMakeFiles/CMakeTmp/CheckIncludeFile.c
Linking C executable cmTryCompileExec3991326675
/usr/bin/cmake -E cmake_link_script CMakeFiles/cmTryCompileExec3991326675.dir/link.txt --verbose=1
/usr/bin/gcc         CMakeFiles/cmTryCompileExec3991326675.dir/CheckIncludeFile.c.o  -o cmTryCompileExec3991326675 -rdynamic 
make[1]: Leaving directory `/root/simgrid/simgrid-3.10-hypervisor/CMakeFiles/CMakeTmp'


Determining if the include file sys/param.h exists passed with the following output:
Change Dir: /root/simgrid/simgrid/CMakeFiles/CMakeTmp

Run Build Command:/usr/bin/make "cmTryCompileExec3964140596/fast"
/usr/bin/make -f CMakeFiles/cmTryCompileExec3964140596.dir/build.make CMakeFiles/cmTryCompileExec3964140596.dir/build
make[1]: Entering directory `/root/simgrid/simgrid-3.10-hypervisor/CMakeFiles/CMakeTmp'
/usr/bin/cmake -E cmake_progress_report /root/simgrid/simgrid/CMakeFiles/CMakeTmp/CMakeFiles 1
Building C object CMakeFiles/cmTryCompileExec3964140596.dir/CheckIncludeFile.c.o
/usr/bin/gcc    -o CMakeFiles/cmTryCompileExec3964140596.dir/CheckIncludeFile.c.o   -c /root/simgrid/simgrid/CMakeFiles/CMakeTmp/CheckIncludeFile.c
Linking C executable cmTryCompileExec3964140596
/usr/bin/cmake -E cmake_link_script CMakeFiles/cmTryCompileExec3964140596.dir/link.txt --verbose=1
/usr/bin/gcc         CMakeFiles/cmTryCompileExec3964140596.dir/CheckIncludeFile.c.o  -o cmTryCompileExec3964140596 -rdynamic 
make[1]: Leaving directory `/root/simgrid/simgrid-3.10-hypervisor/CMakeFiles/CMakeTmp'


Determining if the include file sys/sysctl.h exists passed with the following output:
Change Dir: /root/simgrid/simgrid/CMakeFiles/CMakeTmp

Run Build Command:/usr/bin/make "cmTryCompileExec3359520187/fast"
/usr/bin/make -f CMakeFiles/cmTryCompileExec3359520187.dir/build.make CMakeFiles/cmTryCompileExec3359520187.dir/build
make[1]: Entering directory `/root/simgrid/simgrid-3.10-hypervisor/CMakeFiles/CMakeTmp'
/usr/bin/cmake -E cmake_progress_report /root/simgrid/simgrid/CMakeFiles/CMakeTmp/CMakeFiles 1
Building C object CMakeFiles/cmTryCompileExec3359520187.dir/CheckIncludeFile.c.o
/usr/bin/gcc    -o CMakeFiles/cmTryCompileExec3359520187.dir/CheckIncludeFile.c.o   -c /root/simgrid/simgrid/CMakeFiles/CMakeTmp/CheckIncludeFile.c
Linking C executable cmTryCompileExec3359520187
/usr/bin/cmake -E cmake_link_script CMakeFiles/cmTryCompileExec3359520187.dir/link.txt --verbose=1
/usr/bin/gcc         CMakeFiles/cmTryCompileExec3359520187.dir/CheckIncludeFile.c.o  -o cmTryCompileExec3359520187 -rdynamic 
make[1]: Leaving directory `/root/simgrid/simgrid-3.10-hypervisor/CMakeFiles/CMakeTmp'


Determining if the include file time.h exists passed with the following output:
Change Dir: /root/simgrid/simgrid/CMakeFiles/CMakeTmp

Run Build Command:/usr/bin/make "cmTryCompileExec654709720/fast"
/usr/bin/make -f CMakeFiles/cmTryCompileExec654709720.dir/build.make CMakeFiles/cmTryCompileExec654709720.dir/build
make[1]: Entering directory `/root/simgrid/simgrid-3.10-hypervisor/CMakeFiles/CMakeTmp'
/usr/bin/cmake -E cmake_progress_report /root/simgrid/simgrid/CMakeFiles/CMakeTmp/CMakeFiles 1
Building C object CMakeFiles/cmTryCompileExec654709720.dir/CheckIncludeFile.c.o
/usr/bin/gcc    -o CMakeFiles/cmTryCompileExec654709720.dir/CheckIncludeFile.c.o   -c /root/simgrid/simgrid/CMakeFiles/CMakeTmp/CheckIncludeFile.c
Linking C executable cmTryCompileExec654709720
/usr/bin/cmake -E cmake_link_script CMakeFiles/cmTryCompileExec654709720.dir/link.txt --verbose=1
/usr/bin/gcc         CMakeFiles/cmTryCompileExec654709720.dir/CheckIncludeFile.c.o  -o cmTryCompileExec654709720 -rdynamic 
make[1]: Leaving directory `/root/simgrid/simgrid-3.10-hypervisor/CMakeFiles/CMakeTmp'


Determining if the include file inttypes.h exists passed with the following output:
Change Dir: /root/simgrid/simgrid/CMakeFiles/CMakeTmp

Run Build Command:/usr/bin/make "cmTryCompileExec1014431081/fast"
/usr/bin/make -f CMakeFiles/cmTryCompileExec1014431081.dir/build.make CMakeFiles/cmTryCompileExec1014431081.dir/build
make[1]: Entering directory `/root/simgrid/simgrid-3.10-hypervisor/CMakeFiles/CMakeTmp'
/usr/bin/cmake -E cmake_progress_report /root/simgrid/simgrid/CMakeFiles/CMakeTmp/CMakeFiles 1
Building C object CMakeFiles/cmTryCompileExec1014431081.dir/CheckIncludeFile.c.o
/usr/bin/gcc    -o CMakeFiles/cmTryCompileExec1014431081.dir/CheckIncludeFile.c.o   -c /root/simgrid/simgrid/CMakeFiles/CMakeTmp/CheckIncludeFile.c
Linking C executable cmTryCompileExec1014431081
/usr/bin/cmake -E cmake_link_script CMakeFiles/cmTryCompileExec1014431081.dir/link.txt --verbose=1
/usr/bin/gcc         CMakeFiles/cmTryCompileExec1014431081.dir/CheckIncludeFile.c.o  -o cmTryCompileExec1014431081 -rdynamic 
make[1]: Leaving directory `/root/simgrid/simgrid-3.10-hypervisor/CMakeFiles/CMakeTmp'


Determining if the include file memory.h exists passed with the following output:
Change Dir: /root/simgrid/simgrid/CMakeFiles/CMakeTmp

Run Build Command:/usr/bin/make "cmTryCompileExec1777823777/fast"
/usr/bin/make -f CMakeFiles/cmTryCompileExec1777823777.dir/build.make CMakeFiles/cmTryCompileExec1777823777.dir/build
make[1]: Entering directory `/root/simgrid/simgrid-3.10-hypervisor/CMakeFiles/CMakeTmp'
/usr/bin/cmake -E cmake_progress_report /root/simgrid/simgrid/CMakeFiles/CMakeTmp/CMakeFiles 1
Building C object CMakeFiles/cmTryCompileExec1777823777.dir/CheckIncludeFile.c.o
/usr/bin/gcc    -o CMakeFiles/cmTryCompileExec1777823777.dir/CheckIncludeFile.c.o   -c /root/simgrid/simgrid/CMakeFiles/CMakeTmp/CheckIncludeFile.c
Linking C executable cmTryCompileExec1777823777
/usr/bin/cmake -E cmake_link_script CMakeFiles/cmTryCompileExec1777823777.dir/link.txt --verbose=1
/usr/bin/gcc         CMakeFiles/cmTryCompileExec1777823777.dir/CheckIncludeFile.c.o  -o cmTryCompileExec1777823777 -rdynamic 
make[1]: Leaving directory `/root/simgrid/simgrid-3.10-hypervisor/CMakeFiles/CMakeTmp'


Determining if the include file stdlib.h exists passed with the following output:
Change Dir: /root/simgrid/simgrid/CMakeFiles/CMakeTmp

Run Build Command:/usr/bin/make "cmTryCompileExec2994744763/fast"
/usr/bin/make -f CMakeFiles/cmTryCompileExec2994744763.dir/build.make CMakeFiles/cmTryCompileExec2994744763.dir/build
make[1]: Entering directory `/root/simgrid/simgrid-3.10-hypervisor/CMakeFiles/CMakeTmp'
/usr/bin/cmake -E cmake_progress_report /root/simgrid/simgrid/CMakeFiles/CMakeTmp/CMakeFiles 1
Building C object CMakeFiles/cmTryCompileExec2994744763.dir/CheckIncludeFile.c.o
/usr/bin/gcc    -o CMakeFiles/cmTryCompileExec2994744763.dir/CheckIncludeFile.c.o   -c /root/simgrid/simgrid/CMakeFiles/CMakeTmp/CheckIncludeFile.c
Linking C executable cmTryCompileExec2994744763
/usr/bin/cmake -E cmake_link_script CMakeFiles/cmTryCompileExec2994744763.dir/link.txt --verbose=1
/usr/bin/gcc         CMakeFiles/cmTryCompileExec2994744763.dir/CheckIncludeFile.c.o  -o cmTryCompileExec2994744763 -rdynamic 
make[1]: Leaving directory `/root/simgrid/simgrid-3.10-hypervisor/CMakeFiles/CMakeTmp'


Determining if the include file strings.h exists passed with the following output:
Change Dir: /root/simgrid/simgrid/CMakeFiles/CMakeTmp

Run Build Command:/usr/bin/make "cmTryCompileExec3146315786/fast"
/usr/bin/make -f CMakeFiles/cmTryCompileExec3146315786.dir/build.make CMakeFiles/cmTryCompileExec3146315786.dir/build
make[1]: Entering directory `/root/simgrid/simgrid-3.10-hypervisor/CMakeFiles/CMakeTmp'
/usr/bin/cmake -E cmake_progress_report /root/simgrid/simgrid/CMakeFiles/CMakeTmp/CMakeFiles 1
Building C object CMakeFiles/cmTryCompileExec3146315786.dir/CheckIncludeFile.c.o
/usr/bin/gcc    -o CMakeFiles/cmTryCompileExec3146315786.dir/CheckIncludeFile.c.o   -c /root/simgrid/simgrid/CMakeFiles/CMakeTmp/CheckIncludeFile.c
Linking C executable cmTryCompileExec3146315786
/usr/bin/cmake -E cmake_link_script CMakeFiles/cmTryCompileExec3146315786.dir/link.txt --verbose=1
/usr/bin/gcc         CMakeFiles/cmTryCompileExec3146315786.dir/CheckIncludeFile.c.o  -o cmTryCompileExec3146315786 -rdynamic 
make[1]: Leaving directory `/root/simgrid/simgrid-3.10-hypervisor/CMakeFiles/CMakeTmp'


Determining if the include file string.h exists passed with the following output:
Change Dir: /root/simgrid/simgrid/CMakeFiles/CMakeTmp

Run Build Command:/usr/bin/make "cmTryCompileExec282398681/fast"
/usr/bin/make -f CMakeFiles/cmTryCompileExec282398681.dir/build.make CMakeFiles/cmTryCompileExec282398681.dir/build
make[1]: Entering directory `/root/simgrid/simgrid-3.10-hypervisor/CMakeFiles/CMakeTmp'
/usr/bin/cmake -E cmake_progress_report /root/simgrid/simgrid/CMakeFiles/CMakeTmp/CMakeFiles 1
Building C object CMakeFiles/cmTryCompileExec282398681.dir/CheckIncludeFile.c.o
/usr/bin/gcc    -o CMakeFiles/cmTryCompileExec282398681.dir/CheckIncludeFile.c.o   -c /root/simgrid/simgrid/CMakeFiles/CMakeTmp/CheckIncludeFile.c
Linking C executable cmTryCompileExec282398681
/usr/bin/cmake -E cmake_link_script CMakeFiles/cmTryCompileExec282398681.dir/link.txt --verbose=1
/usr/bin/gcc         CMakeFiles/cmTryCompileExec282398681.dir/CheckIncludeFile.c.o  -o cmTryCompileExec282398681 -rdynamic 
make[1]: Leaving directory `/root/simgrid/simgrid-3.10-hypervisor/CMakeFiles/CMakeTmp'


Determining if the include file ucontext.h exists passed with the following output:
Change Dir: /root/simgrid/simgrid/CMakeFiles/CMakeTmp

Run Build Command:/usr/bin/make "cmTryCompileExec1418373006/fast"
/usr/bin/make -f CMakeFiles/cmTryCompileExec1418373006.dir/build.make CMakeFiles/cmTryCompileExec1418373006.dir/build
make[1]: Entering directory `/root/simgrid/simgrid-3.10-hypervisor/CMakeFiles/CMakeTmp'
/usr/bin/cmake -E cmake_progress_report /root/simgrid/simgrid/CMakeFiles/CMakeTmp/CMakeFiles 1
Building C object CMakeFiles/cmTryCompileExec1418373006.dir/CheckIncludeFile.c.o
/usr/bin/gcc    -o CMakeFiles/cmTryCompileExec1418373006.dir/CheckIncludeFile.c.o   -c /root/simgrid/simgrid/CMakeFiles/CMakeTmp/CheckIncludeFile.c
Linking C executable cmTryCompileExec1418373006
/usr/bin/cmake -E cmake_link_script CMakeFiles/cmTryCompileExec1418373006.dir/link.txt --verbose=1
/usr/bin/gcc         CMakeFiles/cmTryCompileExec1418373006.dir/CheckIncludeFile.c.o  -o cmTryCompileExec1418373006 -rdynamic 
make[1]: Leaving directory `/root/simgrid/simgrid-3.10-hypervisor/CMakeFiles/CMakeTmp'


Determining if the include file stdio.h exists passed with the following output:
Change Dir: /root/simgrid/simgrid/CMakeFiles/CMakeTmp

Run Build Command:/usr/bin/make "cmTryCompileExec1323378631/fast"
/usr/bin/make -f CMakeFiles/cmTryCompileExec1323378631.dir/build.make CMakeFiles/cmTryCompileExec1323378631.dir/build
make[1]: Entering directory `/root/simgrid/simgrid-3.10-hypervisor/CMakeFiles/CMakeTmp'
/usr/bin/cmake -E cmake_progress_report /root/simgrid/simgrid/CMakeFiles/CMakeTmp/CMakeFiles 1
Building C object CMakeFiles/cmTryCompileExec1323378631.dir/CheckIncludeFile.c.o
/usr/bin/gcc    -o CMakeFiles/cmTryCompileExec1323378631.dir/CheckIncludeFile.c.o   -c /root/simgrid/simgrid/CMakeFiles/CMakeTmp/CheckIncludeFile.c
Linking C executable cmTryCompileExec1323378631
/usr/bin/cmake -E cmake_link_script CMakeFiles/cmTryCompileExec1323378631.dir/link.txt --verbose=1
/usr/bin/gcc         CMakeFiles/cmTryCompileExec1323378631.dir/CheckIncludeFile.c.o  -o cmTryCompileExec1323378631 -rdynamic 
make[1]: Leaving directory `/root/simgrid/simgrid-3.10-hypervisor/CMakeFiles/CMakeTmp'


Determining if the include file linux/futex.h exists passed with the following output:
Change Dir: /root/simgrid/simgrid/CMakeFiles/CMakeTmp

Run Build Command:/usr/bin/make "cmTryCompileExec3781224174/fast"
/usr/bin/make -f CMakeFiles/cmTryCompileExec3781224174.dir/build.make CMakeFiles/cmTryCompileExec3781224174.dir/build
make[1]: Entering directory `/root/simgrid/simgrid-3.10-hypervisor/CMakeFiles/CMakeTmp'
/usr/bin/cmake -E cmake_progress_report /root/simgrid/simgrid/CMakeFiles/CMakeTmp/CMakeFiles 1
Building C object CMakeFiles/cmTryCompileExec3781224174.dir/CheckIncludeFile.c.o
/usr/bin/gcc    -o CMakeFiles/cmTryCompileExec3781224174.dir/CheckIncludeFile.c.o   -c /root/simgrid/simgrid/CMakeFiles/CMakeTmp/CheckIncludeFile.c
Linking C executable cmTryCompileExec3781224174
/usr/bin/cmake -E cmake_link_script CMakeFiles/cmTryCompileExec3781224174.dir/link.txt --verbose=1
/usr/bin/gcc         CMakeFiles/cmTryCompileExec3781224174.dir/CheckIncludeFile.c.o  -o cmTryCompileExec3781224174 -rdynamic 
make[1]: Leaving directory `/root/simgrid/simgrid-3.10-hypervisor/CMakeFiles/CMakeTmp'


Determining if the function gettimeofday exists passed with the following output:
Change Dir: /root/simgrid/simgrid/CMakeFiles/CMakeTmp

Run Build Command:/usr/bin/make "cmTryCompileExec3218606056/fast"
/usr/bin/make -f CMakeFiles/cmTryCompileExec3218606056.dir/build.make CMakeFiles/cmTryCompileExec3218606056.dir/build
make[1]: Entering directory `/root/simgrid/simgrid-3.10-hypervisor/CMakeFiles/CMakeTmp'
/usr/bin/cmake -E cmake_progress_report /root/simgrid/simgrid/CMakeFiles/CMakeTmp/CMakeFiles 1
Building C object CMakeFiles/cmTryCompileExec3218606056.dir/CheckFunctionExists.c.o
/usr/bin/gcc   -DCHECK_FUNCTION_EXISTS=gettimeofday   -o CMakeFiles/cmTryCompileExec3218606056.dir/CheckFunctionExists.c.o   -c /usr/share/cmake-2.8/Modules/CheckFunctionExists.c
Linking C executable cmTryCompileExec3218606056
/usr/bin/cmake -E cmake_link_script CMakeFiles/cmTryCompileExec3218606056.dir/link.txt --verbose=1
/usr/bin/gcc     -DCHECK_FUNCTION_EXISTS=gettimeofday    CMakeFiles/cmTryCompileExec3218606056.dir/CheckFunctionExists.c.o  -o cmTryCompileExec3218606056 -rdynamic 
make[1]: Leaving directory `/root/simgrid/simgrid-3.10-hypervisor/CMakeFiles/CMakeTmp'


Determining if the function nanosleep exists passed with the following output:
Change Dir: /root/simgrid/simgrid/CMakeFiles/CMakeTmp

Run Build Command:/usr/bin/make "cmTryCompileExec3209339826/fast"
/usr/bin/make -f CMakeFiles/cmTryCompileExec3209339826.dir/build.make CMakeFiles/cmTryCompileExec3209339826.dir/build
make[1]: Entering directory `/root/simgrid/simgrid-3.10-hypervisor/CMakeFiles/CMakeTmp'
/usr/bin/cmake -E cmake_progress_report /root/simgrid/simgrid/CMakeFiles/CMakeTmp/CMakeFiles 1
Building C object CMakeFiles/cmTryCompileExec3209339826.dir/CheckFunctionExists.c.o
/usr/bin/gcc   -DCHECK_FUNCTION_EXISTS=nanosleep   -o CMakeFiles/cmTryCompileExec3209339826.dir/CheckFunctionExists.c.o   -c /usr/share/cmake-2.8/Modules/CheckFunctionExists.c
Linking C executable cmTryCompileExec3209339826
/usr/bin/cmake -E cmake_link_script CMakeFiles/cmTryCompileExec3209339826.dir/link.txt --verbose=1
/usr/bin/gcc     -DCHECK_FUNCTION_EXISTS=nanosleep    CMakeFiles/cmTryCompileExec3209339826.dir/CheckFunctionExists.c.o  -o cmTryCompileExec3209339826 -rdynamic 
make[1]: Leaving directory `/root/simgrid/simgrid-3.10-hypervisor/CMakeFiles/CMakeTmp'


Determining if the function getdtablesize exists passed with the following output:
Change Dir: /root/simgrid/simgrid/CMakeFiles/CMakeTmp

Run Build Command:/usr/bin/make "cmTryCompileExec3098702570/fast"
/usr/bin/make -f CMakeFiles/cmTryCompileExec3098702570.dir/build.make CMakeFiles/cmTryCompileExec3098702570.dir/build
make[1]: Entering directory `/root/simgrid/simgrid-3.10-hypervisor/CMakeFiles/CMakeTmp'
/usr/bin/cmake -E cmake_progress_report /root/simgrid/simgrid/CMakeFiles/CMakeTmp/CMakeFiles 1
Building C object CMakeFiles/cmTryCompileExec3098702570.dir/CheckFunctionExists.c.o
/usr/bin/gcc   -DCHECK_FUNCTION_EXISTS=getdtablesize   -o CMakeFiles/cmTryCompileExec3098702570.dir/CheckFunctionExists.c.o   -c /usr/share/cmake-2.8/Modules/CheckFunctionExists.c
Linking C executable cmTryCompileExec3098702570
/usr/bin/cmake -E cmake_link_script CMakeFiles/cmTryCompileExec3098702570.dir/link.txt --verbose=1
/usr/bin/gcc     -DCHECK_FUNCTION_EXISTS=getdtablesize    CMakeFiles/cmTryCompileExec3098702570.dir/CheckFunctionExists.c.o  -o cmTryCompileExec3098702570 -rdynamic 
make[1]: Leaving directory `/root/simgrid/simgrid-3.10-hypervisor/CMakeFiles/CMakeTmp'


Determining if the function sysconf exists passed with the following output:
Change Dir: /root/simgrid/simgrid/CMakeFiles/CMakeTmp

Run Build Command:/usr/bin/make "cmTryCompileExec3464818695/fast"
/usr/bin/make -f CMakeFiles/cmTryCompileExec3464818695.dir/build.make CMakeFiles/cmTryCompileExec3464818695.dir/build
make[1]: Entering directory `/root/simgrid/simgrid-3.10-hypervisor/CMakeFiles/CMakeTmp'
/usr/bin/cmake -E cmake_progress_report /root/simgrid/simgrid/CMakeFiles/CMakeTmp/CMakeFiles 1
Building C object CMakeFiles/cmTryCompileExec3464818695.dir/CheckFunctionExists.c.o
/usr/bin/gcc   -DCHECK_FUNCTION_EXISTS=sysconf   -o CMakeFiles/cmTryCompileExec3464818695.dir/CheckFunctionExists.c.o   -c /usr/share/cmake-2.8/Modules/CheckFunctionExists.c
Linking C executable cmTryCompileExec3464818695
/usr/bin/cmake -E cmake_link_script CMakeFiles/cmTryCompileExec3464818695.dir/link.txt --verbose=1
/usr/bin/gcc     -DCHECK_FUNCTION_EXISTS=sysconf    CMakeFiles/cmTryCompileExec3464818695.dir/CheckFunctionExists.c.o  -o cmTryCompileExec3464818695 -rdynamic 
make[1]: Leaving directory `/root/simgrid/simgrid-3.10-hypervisor/CMakeFiles/CMakeTmp'


Determining if the function readv exists passed with the following output:
Change Dir: /root/simgrid/simgrid/CMakeFiles/CMakeTmp

Run Build Command:/usr/bin/make "cmTryCompileExec1682272694/fast"
/usr/bin/make -f CMakeFiles/cmTryCompileExec1682272694.dir/build.make CMakeFiles/cmTryCompileExec1682272694.dir/build
make[1]: Entering directory `/root/simgrid/simgrid-3.10-hypervisor/CMakeFiles/CMakeTmp'
/usr/bin/cmake -E cmake_progress_report /root/simgrid/simgrid/CMakeFiles/CMakeTmp/CMakeFiles 1
Building C object CMakeFiles/cmTryCompileExec1682272694.dir/CheckFunctionExists.c.o
/usr/bin/gcc   -DCHECK_FUNCTION_EXISTS=readv   -o CMakeFiles/cmTryCompileExec1682272694.dir/CheckFunctionExists.c.o   -c /usr/share/cmake-2.8/Modules/CheckFunctionExists.c
Linking C executable cmTryCompileExec1682272694
/usr/bin/cmake -E cmake_link_script CMakeFiles/cmTryCompileExec1682272694.dir/link.txt --verbose=1
/usr/bin/gcc     -DCHECK_FUNCTION_EXISTS=readv    CMakeFiles/cmTryCompileExec1682272694.dir/CheckFunctionExists.c.o  -o cmTryCompileExec1682272694 -rdynamic 
make[1]: Leaving directory `/root/simgrid/simgrid-3.10-hypervisor/CMakeFiles/CMakeTmp'


Determining if the function popen exists passed with the following output:
Change Dir: /root/simgrid/simgrid/CMakeFiles/CMakeTmp

Run Build Command:/usr/bin/make "cmTryCompileExec4175667651/fast"
/usr/bin/make -f CMakeFiles/cmTryCompileExec4175667651.dir/build.make CMakeFiles/cmTryCompileExec4175667651.dir/build
make[1]: Entering directory `/root/simgrid/simgrid-3.10-hypervisor/CMakeFiles/CMakeTmp'
/usr/bin/cmake -E cmake_progress_report /root/simgrid/simgrid/CMakeFiles/CMakeTmp/CMakeFiles 1
Building C object CMakeFiles/cmTryCompileExec4175667651.dir/CheckFunctionExists.c.o
/usr/bin/gcc   -DCHECK_FUNCTION_EXISTS=popen   -o CMakeFiles/cmTryCompileExec4175667651.dir/CheckFunctionExists.c.o   -c /usr/share/cmake-2.8/Modules/CheckFunctionExists.c
Linking C executable cmTryCompileExec4175667651
/usr/bin/cmake -E cmake_link_script CMakeFiles/cmTryCompileExec4175667651.dir/link.txt --verbose=1
/usr/bin/gcc     -DCHECK_FUNCTION_EXISTS=popen    CMakeFiles/cmTryCompileExec4175667651.dir/CheckFunctionExists.c.o  -o cmTryCompileExec4175667651 -rdynamic 
make[1]: Leaving directory `/root/simgrid/simgrid-3.10-hypervisor/CMakeFiles/CMakeTmp'


Determining if the function signal exists passed with the following output:
Change Dir: /root/simgrid/simgrid/CMakeFiles/CMakeTmp

Run Build Command:/usr/bin/make "cmTryCompileExec820234854/fast"
/usr/bin/make -f CMakeFiles/cmTryCompileExec820234854.dir/build.make CMakeFiles/cmTryCompileExec820234854.dir/build
make[1]: Entering directory `/root/simgrid/simgrid-3.10-hypervisor/CMakeFiles/CMakeTmp'
/usr/bin/cmake -E cmake_progress_report /root/simgrid/simgrid/CMakeFiles/CMakeTmp/CMakeFiles 1
Building C object CMakeFiles/cmTryCompileExec820234854.dir/CheckFunctionExists.c.o
/usr/bin/gcc   -DCHECK_FUNCTION_EXISTS=signal   -o CMakeFiles/cmTryCompileExec820234854.dir/CheckFunctionExists.c.o   -c /usr/share/cmake-2.8/Modules/CheckFunctionExists.c
Linking C executable cmTryCompileExec820234854
/usr/bin/cmake -E cmake_link_script CMakeFiles/cmTryCompileExec820234854.dir/link.txt --verbose=1
/usr/bin/gcc     -DCHECK_FUNCTION_EXISTS=signal    CMakeFiles/cmTryCompileExec820234854.dir/CheckFunctionExists.c.o  -o cmTryCompileExec820234854 -rdynamic 
make[1]: Leaving directory `/root/simgrid/simgrid-3.10-hypervisor/CMakeFiles/CMakeTmp'


Determining if the function snprintf exists passed with the following output:
Change Dir: /root/simgrid/simgrid/CMakeFiles/CMakeTmp

Run Build Command:/usr/bin/make "cmTryCompileExec3851003426/fast"
/usr/bin/make -f CMakeFiles/cmTryCompileExec3851003426.dir/build.make CMakeFiles/cmTryCompileExec3851003426.dir/build
make[1]: Entering directory `/root/simgrid/simgrid-3.10-hypervisor/CMakeFiles/CMakeTmp'
/usr/bin/cmake -E cmake_progress_report /root/simgrid/simgrid/CMakeFiles/CMakeTmp/CMakeFiles 1
Building C object CMakeFiles/cmTryCompileExec3851003426.dir/CheckFunctionExists.c.o
/usr/bin/gcc   -DCHECK_FUNCTION_EXISTS=snprintf   -o CMakeFiles/cmTryCompileExec3851003426.dir/CheckFunctionExists.c.o   -c /usr/share/cmake-2.8/Modules/CheckFunctionExists.c
/usr/share/cmake-2.8/Modules/CheckFunctionExists.c:3:6: warning: conflicting types for built-in function snprintf [enabled by default]
Linking C executable cmTryCompileExec3851003426
/usr/bin/cmake -E cmake_link_script CMakeFiles/cmTryCompileExec3851003426.dir/link.txt --verbose=1
/usr/bin/gcc     -DCHECK_FUNCTION_EXISTS=snprintf    CMakeFiles/cmTryCompileExec3851003426.dir/CheckFunctionExists.c.o  -o cmTryCompileExec3851003426 -rdynamic 
make[1]: Leaving directory `/root/simgrid/simgrid-3.10-hypervisor/CMakeFiles/CMakeTmp'


Determining if the function vsnprintf exists passed with the following output:
Change Dir: /root/simgrid/simgrid/CMakeFiles/CMakeTmp

Run Build Command:/usr/bin/make "cmTryCompileExec2668597644/fast"
/usr/bin/make -f CMakeFiles/cmTryCompileExec2668597644.dir/build.make CMakeFiles/cmTryCompileExec2668597644.dir/build
make[1]: Entering directory `/root/simgrid/simgrid-3.10-hypervisor/CMakeFiles/CMakeTmp'
/usr/bin/cmake -E cmake_progress_report /root/simgrid/simgrid/CMakeFiles/CMakeTmp/CMakeFiles 1
Building C object CMakeFiles/cmTryCompileExec2668597644.dir/CheckFunctionExists.c.o
/usr/bin/gcc   -DCHECK_FUNCTION_EXISTS=vsnprintf   -o CMakeFiles/cmTryCompileExec2668597644.dir/CheckFunctionExists.c.o   -c /usr/share/cmake-2.8/Modules/CheckFunctionExists.c
/usr/share/cmake-2.8/Modules/CheckFunctionExists.c:3:6: warning: conflicting types for built-in function vsnprintf [enabled by default]
Linking C executable cmTryCompileExec2668597644
/usr/bin/cmake -E cmake_link_script CMakeFiles/cmTryCompileExec2668597644.dir/link.txt --verbose=1
/usr/bin/gcc     -DCHECK_FUNCTION_EXISTS=vsnprintf    CMakeFiles/cmTryCompileExec2668597644.dir/CheckFunctionExists.c.o  -o cmTryCompileExec2668597644 -rdynamic 
make[1]: Leaving directory `/root/simgrid/simgrid-3.10-hypervisor/CMakeFiles/CMakeTmp'


Determining if the function asprintf exists passed with the following output:
Change Dir: /root/simgrid/simgrid/CMakeFiles/CMakeTmp

Run Build Command:/usr/bin/make "cmTryCompileExec248079230/fast"
/usr/bin/make -f CMakeFiles/cmTryCompileExec248079230.dir/build.make CMakeFiles/cmTryCompileExec248079230.dir/build
make[1]: Entering directory `/root/simgrid/simgrid-3.10-hypervisor/CMakeFiles/CMakeTmp'
/usr/bin/cmake -E cmake_progress_report /root/simgrid/simgrid/CMakeFiles/CMakeTmp/CMakeFiles 1
Building C object CMakeFiles/cmTryCompileExec248079230.dir/CheckFunctionExists.c.o
/usr/bin/gcc   -DCHECK_FUNCTION_EXISTS=asprintf   -o CMakeFiles/cmTryCompileExec248079230.dir/CheckFunctionExists.c.o   -c /usr/share/cmake-2.8/Modules/CheckFunctionExists.c
Linking C executable cmTryCompileExec248079230
/usr/bin/cmake -E cmake_link_script CMakeFiles/cmTryCompileExec248079230.dir/link.txt --verbose=1
/usr/bin/gcc     -DCHECK_FUNCTION_EXISTS=asprintf    CMakeFiles/cmTryCompileExec248079230.dir/CheckFunctionExists.c.o  -o cmTryCompileExec248079230 -rdynamic 
make[1]: Leaving directory `/root/simgrid/simgrid-3.10-hypervisor/CMakeFiles/CMakeTmp'


Determining if the function vasprintf exists passed with the following output:
Change Dir: /root/simgrid/simgrid/CMakeFiles/CMakeTmp

Run Build Command:/usr/bin/make "cmTryCompileExec844810129/fast"
/usr/bin/make -f CMakeFiles/cmTryCompileExec844810129.dir/build.make CMakeFiles/cmTryCompileExec844810129.dir/build
make[1]: Entering directory `/root/simgrid/simgrid-3.10-hypervisor/CMakeFiles/CMakeTmp'
/usr/bin/cmake -E cmake_progress_report /root/simgrid/simgrid/CMakeFiles/CMakeTmp/CMakeFiles 1
Building C object CMakeFiles/cmTryCompileExec844810129.dir/CheckFunctionExists.c.o
/usr/bin/gcc   -DCHECK_FUNCTION_EXISTS=vasprintf   -o CMakeFiles/cmTryCompileExec844810129.dir/CheckFunctionExists.c.o   -c /usr/share/cmake-2.8/Modules/CheckFunctionExists.c
Linking C executable cmTryCompileExec844810129
/usr/bin/cmake -E cmake_link_script CMakeFiles/cmTryCompileExec844810129.dir/link.txt --verbose=1
/usr/bin/gcc     -DCHECK_FUNCTION_EXISTS=vasprintf    CMakeFiles/cmTryCompileExec844810129.dir/CheckFunctionExists.c.o  -o cmTryCompileExec844810129 -rdynamic 
make[1]: Leaving directory `/root/simgrid/simgrid-3.10-hypervisor/CMakeFiles/CMakeTmp'


Determining if the function makecontext exists passed with the following output:
Change Dir: /root/simgrid/simgrid/CMakeFiles/CMakeTmp

Run Build Command:/usr/bin/make "cmTryCompileExec1759218100/fast"
/usr/bin/make -f CMakeFiles/cmTryCompileExec1759218100.dir/build.make CMakeFiles/cmTryCompileExec1759218100.dir/build
make[1]: Entering directory `/root/simgrid/simgrid-3.10-hypervisor/CMakeFiles/CMakeTmp'
/usr/bin/cmake -E cmake_progress_report /root/simgrid/simgrid/CMakeFiles/CMakeTmp/CMakeFiles 1
Building C object CMakeFiles/cmTryCompileExec1759218100.dir/CheckFunctionExists.c.o
/usr/bin/gcc   -DCHECK_FUNCTION_EXISTS=makecontext   -o CMakeFiles/cmTryCompileExec1759218100.dir/CheckFunctionExists.c.o   -c /usr/share/cmake-2.8/Modules/CheckFunctionExists.c
Linking C executable cmTryCompileExec1759218100
/usr/bin/cmake -E cmake_link_script CMakeFiles/cmTryCompileExec1759218100.dir/link.txt --verbose=1
/usr/bin/gcc     -DCHECK_FUNCTION_EXISTS=makecontext    CMakeFiles/cmTryCompileExec1759218100.dir/CheckFunctionExists.c.o  -o cmTryCompileExec1759218100 -rdynamic 
make[1]: Leaving directory `/root/simgrid/simgrid-3.10-hypervisor/CMakeFiles/CMakeTmp'


Determining if the function mmap exists passed with the following output:
Change Dir: /root/simgrid/simgrid/CMakeFiles/CMakeTmp

Run Build Command:/usr/bin/make "cmTryCompileExec3408206864/fast"
/usr/bin/make -f CMakeFiles/cmTryCompileExec3408206864.dir/build.make CMakeFiles/cmTryCompileExec3408206864.dir/build
make[1]: Entering directory `/root/simgrid/simgrid-3.10-hypervisor/CMakeFiles/CMakeTmp'
/usr/bin/cmake -E cmake_progress_report /root/simgrid/simgrid/CMakeFiles/CMakeTmp/CMakeFiles 1
Building C object CMakeFiles/cmTryCompileExec3408206864.dir/CheckFunctionExists.c.o
/usr/bin/gcc   -DCHECK_FUNCTION_EXISTS=mmap   -o CMakeFiles/cmTryCompileExec3408206864.dir/CheckFunctionExists.c.o   -c /usr/share/cmake-2.8/Modules/CheckFunctionExists.c
Linking C executable cmTryCompileExec3408206864
/usr/bin/cmake -E cmake_link_script CMakeFiles/cmTryCompileExec3408206864.dir/link.txt --verbose=1
/usr/bin/gcc     -DCHECK_FUNCTION_EXISTS=mmap    CMakeFiles/cmTryCompileExec3408206864.dir/CheckFunctionExists.c.o  -o cmTryCompileExec3408206864 -rdynamic 
make[1]: Leaving directory `/root/simgrid/simgrid-3.10-hypervisor/CMakeFiles/CMakeTmp'


Determining size of int passed with the following output:
Change Dir: /root/simgrid/simgrid/CMakeFiles/CMakeTmp

Run Build Command:/usr/bin/make "cmTryCompileExec2482391178/fast"
/usr/bin/make -f CMakeFiles/cmTryCompileExec2482391178.dir/build.make CMakeFiles/cmTryCompileExec2482391178.dir/build
make[1]: Entering directory `/root/simgrid/simgrid-3.10-hypervisor/CMakeFiles/CMakeTmp'
/usr/bin/cmake -E cmake_progress_report /root/simgrid/simgrid/CMakeFiles/CMakeTmp/CMakeFiles 1
Building C object CMakeFiles/cmTryCompileExec2482391178.dir/SIZEOF_INT.c.o
/usr/bin/gcc    -o CMakeFiles/cmTryCompileExec2482391178.dir/SIZEOF_INT.c.o   -c /root/simgrid/simgrid/CMakeFiles/CheckTypeSize/SIZEOF_INT.c
Linking C executable cmTryCompileExec2482391178
/usr/bin/cmake -E cmake_link_script CMakeFiles/cmTryCompileExec2482391178.dir/link.txt --verbose=1
/usr/bin/gcc         CMakeFiles/cmTryCompileExec2482391178.dir/SIZEOF_INT.c.o  -o cmTryCompileExec2482391178 -rdynamic 
make[1]: Leaving directory `/root/simgrid/simgrid-3.10-hypervisor/CMakeFiles/CMakeTmp'


Determining size of void* passed with the following output:
Change Dir: /root/simgrid/simgrid/CMakeFiles/CMakeTmp

Run Build Command:/usr/bin/make "cmTryCompileExec1370583501/fast"
/usr/bin/make -f CMakeFiles/cmTryCompileExec1370583501.dir/build.make CMakeFiles/cmTryCompileExec1370583501.dir/build
make[1]: Entering directory `/root/simgrid/simgrid-3.10-hypervisor/CMakeFiles/CMakeTmp'
/usr/bin/cmake -E cmake_progress_report /root/simgrid/simgrid/CMakeFiles/CMakeTmp/CMakeFiles 1
Building C object CMakeFiles/cmTryCompileExec1370583501.dir/SIZEOF_VOIDP.c.o
/usr/bin/gcc    -o CMakeFiles/cmTryCompileExec1370583501.dir/SIZEOF_VOIDP.c.o   -c /root/simgrid/simgrid/CMakeFiles/CheckTypeSize/SIZEOF_VOIDP.c
Linking C executable cmTryCompileExec1370583501
/usr/bin/cmake -E cmake_link_script CMakeFiles/cmTryCompileExec1370583501.dir/link.txt --verbose=1
/usr/bin/gcc         CMakeFiles/cmTryCompileExec1370583501.dir/SIZEOF_VOIDP.c.o  -o cmTryCompileExec1370583501 -rdynamic 
make[1]: Leaving directory `/root/simgrid/simgrid-3.10-hypervisor/CMakeFiles/CMakeTmp'


Determining if the include file dlfcn.h exists passed with the following output:
Change Dir: /root/simgrid/simgrid/CMakeFiles/CMakeTmp

Run Build Command:/usr/bin/make "cmTryCompileExec2557716915/fast"
/usr/bin/make -f CMakeFiles/cmTryCompileExec2557716915.dir/build.make CMakeFiles/cmTryCompileExec2557716915.dir/build
make[1]: Entering directory `/root/simgrid/simgrid-3.10-hypervisor/CMakeFiles/CMakeTmp'
/usr/bin/cmake -E cmake_progress_report /root/simgrid/simgrid/CMakeFiles/CMakeTmp/CMakeFiles 1
Building C object CMakeFiles/cmTryCompileExec2557716915.dir/CheckIncludeFile.c.o
/usr/bin/gcc    -o CMakeFiles/cmTryCompileExec2557716915.dir/CheckIncludeFile.c.o   -c /root/simgrid/simgrid/CMakeFiles/CMakeTmp/CheckIncludeFile.c
Linking C executable cmTryCompileExec2557716915
/usr/bin/cmake -E cmake_link_script CMakeFiles/cmTryCompileExec2557716915.dir/link.txt --verbose=1
/usr/bin/gcc         CMakeFiles/cmTryCompileExec2557716915.dir/CheckIncludeFile.c.o  -o cmTryCompileExec2557716915 -rdynamic 
make[1]: Leaving directory `/root/simgrid/simgrid-3.10-hypervisor/CMakeFiles/CMakeTmp'


