Log of ./migrate_vm migrate_vm.xml 
Fri Apr 18 00:15:05 2014

[0.000000] [surf_vm_workstation/INFO] Create VM(VM0)@PM(PM0) with 0 mounted disks
[0.000000] [surf_vm_workstation/INFO] Create VM(VM1)@PM(PM0) with 0 mounted disks
[PM0:master_:(1) 0.000000] [msg_test/INFO] Test: Migrate two VMs at once from PM0 to PM1
[PM0:__pr_mig_tx:VM0(PM0-PM1):(5) 0.000000] /root/simgrid/simgrid/src/msg/msg_vm.c:947: [msg_vm/WARNING] use the default max_downtime value 30ms
[PM0:__pr_mig_tx:VM0(PM0-PM1):(5) 0.000000] [msg_vm/INFO] mig-stage1: remaining_size 1000000000.000000
[PM0:__pr_mig_tx:VM1(PM0-PM1):(7) 0.000000] /root/simgrid/simgrid/src/msg/msg_vm.c:947: [msg_vm/WARNING] use the default max_downtime value 30ms
[PM0:__pr_mig_tx:VM1(PM0-PM1):(7) 0.000000] [msg_vm/INFO] mig-stage1: remaining_size 1000000000.000000
[PM0:__pr_mig_tx:VM1(PM0-PM1):(7) 17.449688] [msg_vm/INFO] actual banwdidth 54.652802 (MB/s), threshold 1719228.483516
[PM0:__pr_mig_tx:VM1(PM0-PM1):(7) 17.449688] [msg_vm/INFO] mig-stage 2:0 updated_size 0.000000 computed_during_stage1 0.000000 dp_rate 0.000000 dp_cap 0.000000
[PM0:__pr_mig_tx:VM1(PM0-PM1):(7) 17.449688] [msg_vm/INFO] mig-stage2.0: remaining_size 0.000000 (< threshold 1719228.483516)
[PM0:__pr_mig_tx:VM1(PM0-PM1):(7) 17.449688] [msg_vm/INFO] mig-stage3: remaining_size 0.000000
[PM0:__pr_mig_tx:VM0(PM0-PM1):(5) 17.449688] [msg_vm/INFO] actual banwdidth 54.652802 (MB/s), threshold 1719228.483516
[PM0:__pr_mig_tx:VM0(PM0-PM1):(5) 17.449688] [msg_vm/INFO] mig-stage 2:0 updated_size 0.000000 computed_during_stage1 0.000000 dp_rate 0.000000 dp_cap 0.000000
[PM0:__pr_mig_tx:VM0(PM0-PM1):(5) 17.449688] [msg_vm/INFO] mig-stage2.0: remaining_size 0.000000 (< threshold 1719228.483516)
[PM0:__pr_mig_tx:VM0(PM0-PM1):(5) 17.449688] [msg_vm/INFO] mig-stage3: remaining_size 0.000000
[PM1:__pr_mig_rx:VM1(PM0-PM1):(6) 17.579788] [msg_vm/INFO] set affinity(0x0000@PM1) for VM1
[PM1:__pr_mig_rx:VM0(PM0-PM1):(4) 17.579788] [msg_vm/INFO] set affinity(0x0000@PM1) for VM0
[PM0:mig_wrk:(2) 17.709888] [msg_test/INFO] VM0 migrated: PM0->PM1 in 17.7099 s
[PM0:mig_wrk:(3) 17.709888] [msg_test/INFO] VM1 migrated: PM0->PM1 in 17.7099 s
[10000.000000] [msg_test/INFO] Bye (simulation time 10000)

Fri Apr 18 00:15:05 2014
----------------
